C:\Program Files (x86)\Microsoft Visual Studio\2019\Community\MSBuild\Microsoft\VC\v160\Microsoft.CppBuild.targets(459,5): warning MSB8028: The intermediate directory (Debug\) contains files shared from another project (chapter8.vcxproj).  This can lead to incorrect clean and rebuild behavior.
  buffile.cpp
  iobuffer.cpp
  ledger.cpp
C:\Users\user\Desktop\file structure\2022_File-Structure\chatper#8\ledger.cpp(41,1): warning C4996: 'strcpy': This function or variable may be unsafe. Consider using strcpy_s instead. To disable deprecation, use _CRT_SECURE_NO_WARNINGS. See online help for details.
C:\Program Files (x86)\Windows Kits\10\Include\10.0.17763.0\ucrt\string.h(133): message : 'strcpy' 선언을 참조하십시오.
C:\Users\user\Desktop\file structure\2022_File-Structure\chatper#8\ledger.cpp(132,1): warning C4996: 'strcpy': This function or variable may be unsafe. Consider using strcpy_s instead. To disable deprecation, use _CRT_SECURE_NO_WARNINGS. See online help for details.
C:\Program Files (x86)\Windows Kits\10\Include\10.0.17763.0\ucrt\string.h(133): message : 'strcpy' 선언을 참조하십시오.
C:\Users\user\Desktop\file structure\2022_File-Structure\chatper#8\ledger.cpp(133,1): warning C4996: 'strcpy': This function or variable may be unsafe. Consider using strcpy_s instead. To disable deprecation, use _CRT_SECURE_NO_WARNINGS. See online help for details.
C:\Program Files (x86)\Windows Kits\10\Include\10.0.17763.0\ucrt\string.h(133): message : 'strcpy' 선언을 참조하십시오.
  ledgpost.cpp
C:\Users\user\Desktop\file structure\2022_File-Structure\chatper#8\recfile.h(22,65): warning C5037: 'RecordFile<RecType>::Read': 클래스 템플릿 멤버의 확장 정의에는 기본 인수가 포함될 수 없습니다.
C:\Users\user\Desktop\file structure\2022_File-Structure\chatper#8\recfile.h(33,72): warning C5037: 'RecordFile<RecType>::Write': 클래스 템플릿 멤버의 확장 정의에는 기본 인수가 포함될 수 없습니다.
  length.cpp
C:\Users\user\Desktop\file structure\2022_File-Structure\chatper#8\length.cpp(30,34): warning C4267: '=': 'size_t'에서 'short'(으)로 변환하면서 데이터가 손실될 수 있습니다.
  match.cpp
  strclass.cpp
C:\Users\user\Desktop\file structure\2022_File-Structure\chatper#8\strclass.cpp(11,1): warning C4996: 'strdup': The POSIX name for this item is deprecated. Instead, use the ISO C and C++ conformant name: _strdup. See online help for details.
C:\Program Files (x86)\Windows Kits\10\Include\10.0.17763.0\ucrt\string.h(536): message : 'strdup' 선언을 참조하십시오.
C:\Users\user\Desktop\file structure\2022_File-Structure\chatper#8\strclass.cpp(17,1): warning C4996: 'strdup': The POSIX name for this item is deprecated. Instead, use the ISO C and C++ conformant name: _strdup. See online help for details.
C:\Program Files (x86)\Windows Kits\10\Include\10.0.17763.0\ucrt\string.h(536): message : 'strdup' 선언을 참조하십시오.
C:\Users\user\Desktop\file structure\2022_File-Structure\chatper#8\strclass.cpp(30,1): warning C4996: 'strdup': The POSIX name for this item is deprecated. Instead, use the ISO C and C++ conformant name: _strdup. See online help for details.
C:\Program Files (x86)\Windows Kits\10\Include\10.0.17763.0\ucrt\string.h(536): message : 'strdup' 선언을 참조하십시오.
C:\Users\user\Desktop\file structure\2022_File-Structure\chatper#8\strclass.cpp(40,1): warning C4996: 'strdup': The POSIX name for this item is deprecated. Instead, use the ISO C and C++ conformant name: _strdup. See online help for details.
C:\Program Files (x86)\Windows Kits\10\Include\10.0.17763.0\ucrt\string.h(536): message : 'strdup' 선언을 참조하십시오.
C:\Users\user\Desktop\file structure\2022_File-Structure\chatper#8\strclass.cpp(43,1): warning C4996: 'strcpy': This function or variable may be unsafe. Consider using strcpy_s instead. To disable deprecation, use _CRT_SECURE_NO_WARNINGS. See online help for details.
C:\Program Files (x86)\Windows Kits\10\Include\10.0.17763.0\ucrt\string.h(133): message : 'strcpy' 선언을 참조하십시오.
C:\Users\user\Desktop\file structure\2022_File-Structure\chatper#8\strclass.cpp(58,25): warning C4996: 'strdup': The POSIX name for this item is deprecated. Instead, use the ISO C and C++ conformant name: _strdup. See online help for details.
C:\Program Files (x86)\Windows Kits\10\Include\10.0.17763.0\ucrt\string.h(536): message : 'strdup' 선언을 참조하십시오.
  strlist.cpp
  varlen.cpp
C:\Users\user\Desktop\file structure\2022_File-Structure\chatper#8\varlen.cpp(29,14): warning C4244: '초기화 중': 'std::streamoff'에서 'int'(으)로 변환하면서 데이터가 손실될 수 있습니다.
C:\Users\user\Desktop\file structure\2022_File-Structure\chatper#8\varlen.cpp(45,14): warning C4244: '초기화 중': 'std::streamoff'에서 'int'(으)로 변환하면서 데이터가 손실될 수 있습니다.
C:\Users\user\Desktop\file structure\2022_File-Structure\chatper#8\varlen.cpp(71,21): warning C4244: 'return': 'std::streamoff'에서 'int'(으)로 변환하면서 데이터가 손실될 수 있습니다.
C:\Users\user\Desktop\file structure\2022_File-Structure\chatper#8\varlen.cpp(90,21): warning C4244: 'return': 'std::streamoff'에서 'int'(으)로 변환하면서 데이터가 손실될 수 있습니다.
  코드를 생성하고 있습니다...
MSVCRTD.lib(exe_winmain.obj) : error LNK2019: _WinMain@16 외부 기호(참조 위치: "int __cdecl invoke_main(void)" (?invoke_main@@YAHXZ) 함수)에서 확인하지 못했습니다.
C:\Users\user\Desktop\file structure\2022_File-Structure\chatper#8\Debug\dsfd.exe : fatal error LNK1120: 1개의 확인할 수 없는 외부 참조입니다.
